<?xml version="1.0" encoding="UTF-8"?>
<Site BuildName="Win32-mingw32-make"
	BuildStamp="20240803-2101-Experimental"
	Name="DESKTOP-3MSJOC5"
	Generator="ctest-3.22.1"
	CompilerName="C:/msys64/ucrt64/bin/c++.exe"
	CompilerVersion="14.1.0"
	OSName="Linux"
	Hostname="BattleStation2"
	OSRelease="5.15.0-117-generic"
	OSVersion="#127-Ubuntu SMP Fri Jul 5 20:13:28 UTC 2024"
	OSPlatform="x86_64"
	Is64Bits="1"
	VendorString="GenuineIntel"
	VendorID="Intel Corporation"
	FamilyID="6"
	ModelID="60"
	ProcessorCacheSize="6144"
	NumberOfLogicalCPU="4"
	NumberOfPhysicalCPU="4"
	TotalVirtualMemory="2047"
	TotalPhysicalMemory="7779"
	LogicalProcessorsPerPhysical="1"
	ProcessorClockFrequency="3710.4"
	>
	<Testing>
		<StartDateTime>Aug 03 17:25 EDT</StartDateTime>
		<StartTestTime>1722720345</StartTestTime>
		<TestList/>
		<EndDateTime>Aug 03 17:25 EDT</EndDateTime>
		<EndTestTime>1722720345</EndTestTime>
		<ElapsedMinutes>0</ElapsedMinutes>
	</Testing>
</Site>
