<?xml version="1.0" encoding="UTF-8"?>
<Site BuildName="Linux-c++"
	BuildStamp="20240802-1808-Experimental"
	Name="BattleStation2"
	Generator="ctest-3.22.1"
	CompilerName="/usr/bin/c++"
	CompilerVersion="11.4.0"
	OSName="Linux"
	Hostname="BattleStation2"
	OSRelease="5.15.0-117-generic"
	OSVersion="#127-Ubuntu SMP Fri Jul 5 20:13:28 UTC 2024"
	OSPlatform="x86_64"
	Is64Bits="1"
	VendorString="GenuineIntel"
	VendorID="Intel Corporation"
	FamilyID="6"
	ModelID="60"
	ProcessorCacheSize="6144"
	NumberOfLogicalCPU="4"
	NumberOfPhysicalCPU="4"
	TotalVirtualMemory="2047"
	TotalPhysicalMemory="7779"
	LogicalProcessorsPerPhysical="1"
	ProcessorClockFrequency="3722.91"
	>
	<Testing>
		<StartDateTime>Aug 02 17:32 EDT</StartDateTime>
		<StartTestTime>1722634374</StartTestTime>
		<TestList/>
		<EndDateTime>Aug 02 17:32 EDT</EndDateTime>
		<EndTestTime>1722634374</EndTestTime>
		<ElapsedMinutes>0</ElapsedMinutes>
	</Testing>
</Site>
