<?xml version="1.0" encoding="UTF-8"?>
<Site BuildName="Win32-mingw32-make"
	BuildStamp="20240802-1808-Experimental"
	Name="DESKTOP-3MSJOC5"
	Generator="ctest-3.28.0-msvc1"
	CompilerName="C:/msys64/ucrt64/bin/c++.exe"
	CompilerVersion="14.1.0"
	OSName="Windows"
	Hostname="DESKTOP-3MSJOC5"
	OSRelease=" Personal"
	OSVersion=" (Build 22631)"
	OSPlatform="AMD64"
	Is64Bits="1"
	VendorString="GenuineIntel"
	VendorID="Intel Corporation"
	FamilyID="6"
	ModelID="10"
	ProcessorCacheSize="-1"
	NumberOfLogicalCPU="16"
	NumberOfPhysicalCPU="10"
	TotalVirtualMemory="24190"
	TotalPhysicalMemory="15998"
	LogicalProcessorsPerPhysical="1"
	ProcessorClockFrequency="2918"
	>
	<Testing>
		<StartDateTime>Aug 02 19:18 Eastern Summer Time</StartDateTime>
		<StartTestTime>1722640684</StartTestTime>
		<TestList/>
		<EndDateTime>Aug 02 19:18 Eastern Summer Time</EndDateTime>
		<EndTestTime>1722640684</EndTestTime>
		<ElapsedMinutes>0</ElapsedMinutes>
	</Testing>
</Site>
